[0.086s] DEBUG:colcon:Command line arguments: ['/usr/bin/colcon', 'build']
[0.086s] DEBUG:colcon:Parsed command line arguments: Namespace(log_base=None, log_level=None, verb_name='build', build_base='build', install_base='install', merge_install=False, symlink_install=False, test_result_base=None, continue_on_error=False, executor='parallel', parallel_workers=12, event_handlers=None, ignore_user_meta=False, metas=['./colcon.meta'], base_paths=['.'], packages_ignore=None, packages_ignore_regex=None, paths=None, packages_up_to=None, packages_up_to_regex=None, packages_above=None, packages_above_and_dependencies=None, packages_above_depth=None, packages_select_by_dep=None, packages_skip_by_dep=None, packages_skip_up_to=None, packages_select_build_failed=False, packages_skip_build_finished=False, packages_select_test_failures=False, packages_skip_test_passed=False, packages_select=None, packages_skip=None, packages_select_regex=None, packages_skip_regex=None, packages_start=None, packages_end=None, allow_overriding=[], cmake_args=None, cmake_target=None, cmake_target_skip_unavailable=False, cmake_clean_cache=False, cmake_clean_first=False, cmake_force_configure=False, ament_cmake_args=None, catkin_cmake_args=None, catkin_skip_building_tests=False, mixin_files=None, mixin=None, verb_parser=<colcon_mixin.mixin.mixin_argument.MixinArgumentDecorator object at 0x79fe3346dd20>, verb_extension=<colcon_core.verb.build.BuildVerb object at 0x79fe335e7670>, main=<bound method BuildVerb.main of <colcon_core.verb.build.BuildVerb object at 0x79fe335e7670>>, mixin_verb=('build',))
[0.228s] Level 1:colcon.colcon_core.package_discovery:discover_packages(colcon_meta) check parameters
[0.229s] Level 1:colcon.colcon_core.package_discovery:discover_packages(recursive) check parameters
[0.229s] Level 1:colcon.colcon_core.package_discovery:discover_packages(ignore) check parameters
[0.229s] Level 1:colcon.colcon_core.package_discovery:discover_packages(path) check parameters
[0.229s] Level 1:colcon.colcon_core.package_discovery:discover_packages(colcon_meta) discover
[0.229s] Level 1:colcon.colcon_core.package_discovery:discover_packages(recursive) discover
[0.229s] INFO:colcon.colcon_core.package_discovery:Crawling recursively for packages in '/home/hao/realsense_test/src/data_collection'
[0.229s] Level 1:colcon.colcon_core.package_identification:_identify(.) by extensions ['ignore', 'ignore_ament_install']
[0.229s] Level 1:colcon.colcon_core.package_identification:_identify(.) by extension 'ignore'
[0.229s] Level 1:colcon.colcon_core.package_identification:_identify(.) by extension 'ignore_ament_install'
[0.229s] Level 1:colcon.colcon_core.package_identification:_identify(.) by extensions ['colcon_pkg']
[0.229s] Level 1:colcon.colcon_core.package_identification:_identify(.) by extension 'colcon_pkg'
[0.229s] Level 1:colcon.colcon_core.package_identification:_identify(.) by extensions ['colcon_meta']
[0.229s] Level 1:colcon.colcon_core.package_identification:_identify(.) by extension 'colcon_meta'
[0.229s] Level 1:colcon.colcon_core.package_identification:_identify(.) by extensions ['ros']
[0.229s] Level 1:colcon.colcon_core.package_identification:_identify(.) by extension 'ros'
[0.245s] DEBUG:colcon.colcon_core.package_identification:Package '.' with type 'ros.ament_python' and name 'data_collection'
[0.245s] Level 1:colcon.colcon_core.package_discovery:discover_packages(recursive) using defaults
[0.245s] Level 1:colcon.colcon_core.package_discovery:discover_packages(ignore) discover
[0.245s] Level 1:colcon.colcon_core.package_discovery:discover_packages(ignore) using defaults
[0.245s] Level 1:colcon.colcon_core.package_discovery:discover_packages(path) discover
[0.245s] Level 1:colcon.colcon_core.package_discovery:discover_packages(path) using defaults
[0.259s] Level 1:colcon.colcon_core.package_discovery:discover_packages(prefix_path) check parameters
[0.259s] Level 1:colcon.colcon_core.package_discovery:discover_packages(prefix_path) discover
[0.262s] DEBUG:colcon.colcon_installed_package_information.package_discovery:Found 62 installed packages in /home/hao/ws_moveit2/install
[0.263s] DEBUG:colcon.colcon_installed_package_information.package_discovery:Found 410 installed packages in /opt/ros/humble
[0.266s] Level 1:colcon.colcon_core.package_discovery:discover_packages(prefix_path) using defaults
[0.298s] Level 5:colcon.colcon_core.verb:set package 'data_collection' build argument 'cmake_args' from command line to 'None'
[0.298s] Level 5:colcon.colcon_core.verb:set package 'data_collection' build argument 'cmake_target' from command line to 'None'
[0.298s] Level 5:colcon.colcon_core.verb:set package 'data_collection' build argument 'cmake_target_skip_unavailable' from command line to 'False'
[0.298s] Level 5:colcon.colcon_core.verb:set package 'data_collection' build argument 'cmake_clean_cache' from command line to 'False'
[0.298s] Level 5:colcon.colcon_core.verb:set package 'data_collection' build argument 'cmake_clean_first' from command line to 'False'
[0.298s] Level 5:colcon.colcon_core.verb:set package 'data_collection' build argument 'cmake_force_configure' from command line to 'False'
[0.298s] Level 5:colcon.colcon_core.verb:set package 'data_collection' build argument 'ament_cmake_args' from command line to 'None'
[0.298s] Level 5:colcon.colcon_core.verb:set package 'data_collection' build argument 'catkin_cmake_args' from command line to 'None'
[0.298s] Level 5:colcon.colcon_core.verb:set package 'data_collection' build argument 'catkin_skip_building_tests' from command line to 'False'
[0.298s] DEBUG:colcon.colcon_core.verb:Building package 'data_collection' with the following arguments: {'ament_cmake_args': None, 'build_base': '/home/hao/realsense_test/src/data_collection/build/data_collection', 'catkin_cmake_args': None, 'catkin_skip_building_tests': False, 'cmake_args': None, 'cmake_clean_cache': False, 'cmake_clean_first': False, 'cmake_force_configure': False, 'cmake_target': None, 'cmake_target_skip_unavailable': False, 'install_base': '/home/hao/realsense_test/src/data_collection/install/data_collection', 'merge_install': False, 'path': '/home/hao/realsense_test/src/data_collection', 'symlink_install': False, 'test_result_base': None}
[0.298s] INFO:colcon.colcon_core.executor:Executing jobs using 'parallel' executor
[0.299s] DEBUG:colcon.colcon_parallel_executor.executor.parallel:run_until_complete
[0.299s] INFO:colcon.colcon_ros.task.ament_python.build:Building ROS package in '/home/hao/realsense_test/src/data_collection' with build type 'ament_python'
[0.299s] Level 1:colcon.colcon_core.shell:create_environment_hook('data_collection', 'ament_prefix_path')
[0.301s] INFO:colcon.colcon_core.plugin_system:Skipping extension 'colcon_core.shell.bat': Not used on non-Windows systems
[0.301s] INFO:colcon.colcon_core.shell:Creating environment hook '/home/hao/realsense_test/src/data_collection/install/data_collection/share/data_collection/hook/ament_prefix_path.ps1'
[0.301s] INFO:colcon.colcon_core.shell:Creating environment descriptor '/home/hao/realsense_test/src/data_collection/install/data_collection/share/data_collection/hook/ament_prefix_path.dsv'
[0.301s] INFO:colcon.colcon_core.shell:Creating environment hook '/home/hao/realsense_test/src/data_collection/install/data_collection/share/data_collection/hook/ament_prefix_path.sh'
[0.302s] INFO:colcon.colcon_core.shell:Skip shell extension 'powershell' for command environment: Not usable outside of PowerShell
[0.302s] DEBUG:colcon.colcon_core.shell:Skip shell extension 'dsv' for command environment
[0.503s] INFO:colcon.colcon_core.task.python.build:Building Python package in '/home/hao/realsense_test/src/data_collection'
[0.503s] INFO:colcon.colcon_core.shell:Skip shell extension 'powershell' for command environment: Not usable outside of PowerShell
[0.503s] DEBUG:colcon.colcon_core.shell:Skip shell extension 'dsv' for command environment
[0.775s] DEBUG:colcon.colcon_core.event_handler.log_command:Invoking command in '/home/hao/realsense_test/src/data_collection': PYTHONPATH=/home/hao/realsense_test/src/data_collection/build/data_collection/prefix_override:/usr/lib/python3/dist-packages/colcon_core/task/python/colcon_distutils_commands:/home/hao/realsense_test/src/data_collection/install/data_collection/lib/python3.10/site-packages:${PYTHONPATH} /usr/bin/python3 -W ignore:setup.py install is deprecated setup.py egg_info --egg-base build/data_collection build --build-base /home/hao/realsense_test/src/data_collection/build/data_collection/build install --record /home/hao/realsense_test/src/data_collection/build/data_collection/install.log --single-version-externally-managed install_data
[1.001s] DEBUG:colcon.colcon_core.event_handler.log_command:Invoked command in '/home/hao/realsense_test/src/data_collection' returned '0': PYTHONPATH=/home/hao/realsense_test/src/data_collection/build/data_collection/prefix_override:/usr/lib/python3/dist-packages/colcon_core/task/python/colcon_distutils_commands:/home/hao/realsense_test/src/data_collection/install/data_collection/lib/python3.10/site-packages:${PYTHONPATH} /usr/bin/python3 -W ignore:setup.py install is deprecated setup.py egg_info --egg-base build/data_collection build --build-base /home/hao/realsense_test/src/data_collection/build/data_collection/build install --record /home/hao/realsense_test/src/data_collection/build/data_collection/install.log --single-version-externally-managed install_data
[1.003s] Level 1:colcon.colcon_core.environment:checking '/home/hao/realsense_test/src/data_collection/install/data_collection' for CMake module files
[1.003s] Level 1:colcon.colcon_core.environment:checking '/home/hao/realsense_test/src/data_collection/install/data_collection' for CMake config files
[1.003s] Level 1:colcon.colcon_core.environment:checking '/home/hao/realsense_test/src/data_collection/install/data_collection/lib'
[1.004s] Level 1:colcon.colcon_core.environment:checking '/home/hao/realsense_test/src/data_collection/install/data_collection/bin'
[1.004s] Level 1:colcon.colcon_core.environment:checking '/home/hao/realsense_test/src/data_collection/install/data_collection/lib/pkgconfig/data_collection.pc'
[1.004s] Level 1:colcon.colcon_core.environment:checking '/home/hao/realsense_test/src/data_collection/install/data_collection/lib/python3.10/site-packages'
[1.004s] Level 1:colcon.colcon_core.shell:create_environment_hook('data_collection', 'pythonpath')
[1.004s] INFO:colcon.colcon_core.shell:Creating environment hook '/home/hao/realsense_test/src/data_collection/install/data_collection/share/data_collection/hook/pythonpath.ps1'
[1.004s] INFO:colcon.colcon_core.shell:Creating environment descriptor '/home/hao/realsense_test/src/data_collection/install/data_collection/share/data_collection/hook/pythonpath.dsv'
[1.004s] INFO:colcon.colcon_core.shell:Creating environment hook '/home/hao/realsense_test/src/data_collection/install/data_collection/share/data_collection/hook/pythonpath.sh'
[1.005s] Level 1:colcon.colcon_core.environment:checking '/home/hao/realsense_test/src/data_collection/install/data_collection/bin'
[1.005s] Level 1:colcon.colcon_core.environment:create_environment_scripts_only(data_collection)
[1.005s] INFO:colcon.colcon_core.shell:Creating package script '/home/hao/realsense_test/src/data_collection/install/data_collection/share/data_collection/package.ps1'
[1.005s] INFO:colcon.colcon_core.shell:Creating package descriptor '/home/hao/realsense_test/src/data_collection/install/data_collection/share/data_collection/package.dsv'
[1.005s] INFO:colcon.colcon_core.shell:Creating package script '/home/hao/realsense_test/src/data_collection/install/data_collection/share/data_collection/package.sh'
[1.006s] INFO:colcon.colcon_core.shell:Creating package script '/home/hao/realsense_test/src/data_collection/install/data_collection/share/data_collection/package.bash'
[1.006s] INFO:colcon.colcon_core.shell:Creating package script '/home/hao/realsense_test/src/data_collection/install/data_collection/share/data_collection/package.zsh'
[1.006s] Level 1:colcon.colcon_core.environment:create_file_with_runtime_dependencies(/home/hao/realsense_test/src/data_collection/install/data_collection/share/colcon-core/packages/data_collection)
[1.007s] DEBUG:colcon.colcon_parallel_executor.executor.parallel:closing loop
[1.007s] DEBUG:colcon.colcon_parallel_executor.executor.parallel:loop closed
[1.007s] DEBUG:colcon.colcon_parallel_executor.executor.parallel:run_until_complete finished with '0'
[1.007s] DEBUG:colcon.colcon_core.event_reactor:joining thread
[1.011s] INFO:colcon.colcon_core.plugin_system:Skipping extension 'colcon_notification.desktop_notification.terminal_notifier': Not used on non-Darwin systems
[1.011s] INFO:colcon.colcon_core.plugin_system:Skipping extension 'colcon_notification.desktop_notification.win32': Not used on non-Windows systems
[1.011s] INFO:colcon.colcon_notification.desktop_notification:Sending desktop notification using 'notify2'
[1.024s] DEBUG:colcon.colcon_core.event_reactor:joined thread
[1.024s] INFO:colcon.colcon_core.shell:Creating prefix script '/home/hao/realsense_test/src/data_collection/install/local_setup.ps1'
[1.025s] INFO:colcon.colcon_core.shell:Creating prefix util module '/home/hao/realsense_test/src/data_collection/install/_local_setup_util_ps1.py'
[1.026s] INFO:colcon.colcon_core.shell:Creating prefix chain script '/home/hao/realsense_test/src/data_collection/install/setup.ps1'
[1.028s] INFO:colcon.colcon_core.shell:Creating prefix script '/home/hao/realsense_test/src/data_collection/install/local_setup.sh'
[1.028s] INFO:colcon.colcon_core.shell:Creating prefix util module '/home/hao/realsense_test/src/data_collection/install/_local_setup_util_sh.py'
[1.029s] INFO:colcon.colcon_core.shell:Creating prefix chain script '/home/hao/realsense_test/src/data_collection/install/setup.sh'
[1.031s] INFO:colcon.colcon_core.shell:Creating prefix script '/home/hao/realsense_test/src/data_collection/install/local_setup.bash'
[1.031s] INFO:colcon.colcon_core.shell:Creating prefix chain script '/home/hao/realsense_test/src/data_collection/install/setup.bash'
[1.034s] INFO:colcon.colcon_core.shell:Creating prefix script '/home/hao/realsense_test/src/data_collection/install/local_setup.zsh'
[1.034s] INFO:colcon.colcon_core.shell:Creating prefix chain script '/home/hao/realsense_test/src/data_collection/install/setup.zsh'
