[0.475s] Invoking command in '/home/hao/realsense_test/src/data_collection': PYTHONPATH=/home/hao/realsense_test/src/data_collection/build/data_collection/prefix_override:/usr/lib/python3/dist-packages/colcon_core/task/python/colcon_distutils_commands:/home/hao/realsense_test/src/data_collection/install/data_collection/lib/python3.10/site-packages:${PYTHONPATH} /usr/bin/python3 -W ignore:setup.py install is deprecated setup.py egg_info --egg-base build/data_collection build --build-base /home/hao/realsense_test/src/data_collection/build/data_collection/build install --record /home/hao/realsense_test/src/data_collection/build/data_collection/install.log --single-version-externally-managed install_data
[0.657s] running egg_info
[0.658s] creating build/data_collection/data_collection.egg-info
[0.658s] writing build/data_collection/data_collection.egg-info/PKG-INFO
[0.658s] writing dependency_links to build/data_collection/data_collection.egg-info/dependency_links.txt
[0.658s] writing entry points to build/data_collection/data_collection.egg-info/entry_points.txt
[0.658s] writing requirements to build/data_collection/data_collection.egg-info/requires.txt
[0.658s] writing top-level names to build/data_collection/data_collection.egg-info/top_level.txt
[0.658s] writing manifest file 'build/data_collection/data_collection.egg-info/SOURCES.txt'
[0.659s] reading manifest file 'build/data_collection/data_collection.egg-info/SOURCES.txt'
[0.660s] writing manifest file 'build/data_collection/data_collection.egg-info/SOURCES.txt'
[0.660s] running build
[0.660s] running build_py
[0.660s] creating /home/hao/realsense_test/src/data_collection/build/data_collection/build
[0.660s] creating /home/hao/realsense_test/src/data_collection/build/data_collection/build/lib
[0.660s] creating /home/hao/realsense_test/src/data_collection/build/data_collection/build/lib/data_collection
[0.660s] copying data_collection/collect_rgb.py -> /home/hao/realsense_test/src/data_collection/build/data_collection/build/lib/data_collection
[0.661s] copying data_collection/__init__.py -> /home/hao/realsense_test/src/data_collection/build/data_collection/build/lib/data_collection
[0.661s] running install
[0.661s] running install_lib
[0.661s] creating /home/hao/realsense_test/src/data_collection/install/data_collection/lib/python3.10/site-packages/data_collection
[0.661s] copying /home/hao/realsense_test/src/data_collection/build/data_collection/build/lib/data_collection/collect_rgb.py -> /home/hao/realsense_test/src/data_collection/install/data_collection/lib/python3.10/site-packages/data_collection
[0.661s] copying /home/hao/realsense_test/src/data_collection/build/data_collection/build/lib/data_collection/__init__.py -> /home/hao/realsense_test/src/data_collection/install/data_collection/lib/python3.10/site-packages/data_collection
[0.662s] byte-compiling /home/hao/realsense_test/src/data_collection/install/data_collection/lib/python3.10/site-packages/data_collection/collect_rgb.py to collect_rgb.cpython-310.pyc
[0.662s] byte-compiling /home/hao/realsense_test/src/data_collection/install/data_collection/lib/python3.10/site-packages/data_collection/__init__.py to __init__.cpython-310.pyc
[0.662s] running install_data
[0.662s] creating /home/hao/realsense_test/src/data_collection/install/data_collection/share/ament_index
[0.662s] creating /home/hao/realsense_test/src/data_collection/install/data_collection/share/ament_index/resource_index
[0.662s] creating /home/hao/realsense_test/src/data_collection/install/data_collection/share/ament_index/resource_index/packages
[0.662s] copying resource/data_collection -> /home/hao/realsense_test/src/data_collection/install/data_collection/share/ament_index/resource_index/packages
[0.663s] copying package.xml -> /home/hao/realsense_test/src/data_collection/install/data_collection/share/data_collection
[0.663s] running install_egg_info
[0.664s] Copying build/data_collection/data_collection.egg-info to /home/hao/realsense_test/src/data_collection/install/data_collection/lib/python3.10/site-packages/data_collection-0.0.0-py3.10.egg-info
[0.664s] running install_scripts
[0.681s] Installing collect_rgb script to /home/hao/realsense_test/src/data_collection/install/data_collection/lib/data_collection
[0.681s] writing list of installed files to '/home/hao/realsense_test/src/data_collection/build/data_collection/install.log'
[0.702s] Invoked command in '/home/hao/realsense_test/src/data_collection' returned '0': PYTHONPATH=/home/hao/realsense_test/src/data_collection/build/data_collection/prefix_override:/usr/lib/python3/dist-packages/colcon_core/task/python/colcon_distutils_commands:/home/hao/realsense_test/src/data_collection/install/data_collection/lib/python3.10/site-packages:${PYTHONPATH} /usr/bin/python3 -W ignore:setup.py install is deprecated setup.py egg_info --egg-base build/data_collection build --build-base /home/hao/realsense_test/src/data_collection/build/data_collection/build install --record /home/hao/realsense_test/src/data_collection/build/data_collection/install.log --single-version-externally-managed install_data
