running egg_info
writing build/data_collection/data_collection.egg-info/PKG-INFO
writing dependency_links to build/data_collection/data_collection.egg-info/dependency_links.txt
writing entry points to build/data_collection/data_collection.egg-info/entry_points.txt
writing requirements to build/data_collection/data_collection.egg-info/requires.txt
writing top-level names to build/data_collection/data_collection.egg-info/top_level.txt
reading manifest file 'build/data_collection/data_collection.egg-info/SOURCES.txt'
writing manifest file 'build/data_collection/data_collection.egg-info/SOURCES.txt'
running build
running build_py
running install
running install_lib
running install_data
running install_egg_info
removing '/home/hao/realsense_test/src/data_collection/install/data_collection/lib/python3.10/site-packages/data_collection-0.0.0-py3.10.egg-info' (and everything under it)
Copying build/data_collection/data_collection.egg-info to /home/hao/realsense_test/src/data_collection/install/data_collection/lib/python3.10/site-packages/data_collection-0.0.0-py3.10.egg-info
running install_scripts
Installing collect_rgb script to /home/hao/realsense_test/src/data_collection/install/data_collection/lib/data_collection
Installing telekey script to /home/hao/realsense_test/src/data_collection/install/data_collection/lib/data_collection
writing list of installed files to '/home/hao/realsense_test/src/data_collection/build/data_collection/install.log'
