[0.486s] Invoking command in '/home/hao/realsense_test/src/data_collection': PYTHONPATH=/home/hao/realsense_test/src/data_collection/build/data_collection/prefix_override:/usr/lib/python3/dist-packages/colcon_core/task/python/colcon_distutils_commands:/home/hao/realsense_test/src/data_collection/install/data_collection/lib/python3.10/site-packages:${PYTHONPATH} /usr/bin/python3 -W ignore:setup.py install is deprecated setup.py egg_info --egg-base build/data_collection build --build-base /home/hao/realsense_test/src/data_collection/build/data_collection/build install --record /home/hao/realsense_test/src/data_collection/build/data_collection/install.log --single-version-externally-managed install_data
[0.669s] running egg_info
[0.670s] writing build/data_collection/data_collection.egg-info/PKG-INFO
[0.670s] writing dependency_links to build/data_collection/data_collection.egg-info/dependency_links.txt
[0.670s] writing entry points to build/data_collection/data_collection.egg-info/entry_points.txt
[0.670s] writing requirements to build/data_collection/data_collection.egg-info/requires.txt
[0.670s] writing top-level names to build/data_collection/data_collection.egg-info/top_level.txt
[0.671s] reading manifest file 'build/data_collection/data_collection.egg-info/SOURCES.txt'
[0.672s] writing manifest file 'build/data_collection/data_collection.egg-info/SOURCES.txt'
[0.672s] running build
[0.672s] running build_py
[0.672s] running install
[0.672s] running install_lib
[0.674s] running install_data
[0.674s] running install_egg_info
[0.675s] removing '/home/hao/realsense_test/src/data_collection/install/data_collection/lib/python3.10/site-packages/data_collection-0.0.0-py3.10.egg-info' (and everything under it)
[0.675s] Copying build/data_collection/data_collection.egg-info to /home/hao/realsense_test/src/data_collection/install/data_collection/lib/python3.10/site-packages/data_collection-0.0.0-py3.10.egg-info
[0.675s] running install_scripts
[0.691s] Installing collect_rgb script to /home/hao/realsense_test/src/data_collection/install/data_collection/lib/data_collection
[0.691s] Installing telekey script to /home/hao/realsense_test/src/data_collection/install/data_collection/lib/data_collection
[0.691s] writing list of installed files to '/home/hao/realsense_test/src/data_collection/build/data_collection/install.log'
[0.709s] Invoked command in '/home/hao/realsense_test/src/data_collection' returned '0': PYTHONPATH=/home/hao/realsense_test/src/data_collection/build/data_collection/prefix_override:/usr/lib/python3/dist-packages/colcon_core/task/python/colcon_distutils_commands:/home/hao/realsense_test/src/data_collection/install/data_collection/lib/python3.10/site-packages:${PYTHONPATH} /usr/bin/python3 -W ignore:setup.py install is deprecated setup.py egg_info --egg-base build/data_collection build --build-base /home/hao/realsense_test/src/data_collection/build/data_collection/build install --record /home/hao/realsense_test/src/data_collection/build/data_collection/install.log --single-version-externally-managed install_data
